Feb-27 15:50:16.768 [main] DEBUG nextflow.cli.Launcher - $> nextflow run main.nf --samplesheet assets/samplesheet_test.csv --genome_dir /home/zgao/GEOdata --gtf /home/zgao/pipeline_test/piRbase_gold_cluster_GTF.gtf --aligner star --outdir results -resume
Feb-27 15:50:16.896 [main] DEBUG nextflow.cli.CmdRun - N E X T F L O W  ~  version 25.10.4
Feb-27 15:50:16.921 [main] DEBUG nextflow.plugin.PluginsFacade - Setting up plugin manager > mode=prod; embedded=false; plugins-dir=/home/zgao/.nextflow/plugins; core-plugins: nf-amazon@3.4.4,nf-azure@1.20.2,nf-cloudcache@0.5.0,nf-codecommit@0.5.0,nf-console@1.3.0,nf-google@1.23.5,nf-k8s@1.2.2,nf-tower@1.17.5,nf-wave@1.16.1
Feb-27 15:50:16.948 [main] INFO  o.pf4j.DefaultPluginStatusProvider - Enabled plugins: []
Feb-27 15:50:16.950 [main] INFO  o.pf4j.DefaultPluginStatusProvider - Disabled plugins: []
Feb-27 15:50:16.953 [main] INFO  org.pf4j.DefaultPluginManager - PF4J version 3.12.0 in 'deployment' mode
Feb-27 15:50:16.969 [main] DEBUG nextflow.util.RetryConfig - Missing nextflow session - using default retry config
Feb-27 15:50:17.120 [main] INFO  org.pf4j.AbstractPluginManager - No plugins
Feb-27 15:50:17.151 [main] DEBUG nextflow.config.ConfigBuilder - Found config local: /home/zgao/sRNA-piRNA-pipeline/nextflow.config
Feb-27 15:50:17.153 [main] DEBUG nextflow.config.ConfigBuilder - Parsing config file: /home/zgao/sRNA-piRNA-pipeline/nextflow.config
Feb-27 15:50:17.179 [main] DEBUG nextflow.config.ConfigBuilder - Applying config profile: `standard`
Feb-27 15:50:17.876 [main] DEBUG nextflow.plugin.PluginsFacade - Plugins default=[]
Feb-27 15:50:17.876 [main] DEBUG nextflow.plugin.PluginsFacade - Plugins resolved requirement=[]
Feb-27 15:50:17.894 [main] DEBUG n.secret.LocalSecretsProvider - Secrets store: /home/zgao/.nextflow/secrets/store.json
Feb-27 15:50:17.897 [main] DEBUG nextflow.secret.SecretsLoader - Discovered secrets providers: [nextflow.secret.LocalSecretsProvider@2f0ed952] - activable => nextflow.secret.LocalSecretsProvider@2f0ed952
Feb-27 15:50:17.899 [main] DEBUG nextflow.cli.CmdRun - Applied DSL=2 from script declaration
Feb-27 15:50:17.918 [main] DEBUG nextflow.cli.CmdRun - Launching `main.nf` [boring_fourier] DSL2 - revision: 23a0b447e9
Feb-27 15:50:17.971 [main] DEBUG nextflow.Session - Session UUID: e3890011-45d0-4c40-9e6f-fec872380e14
Feb-27 15:50:17.972 [main] DEBUG nextflow.Session - Run name: boring_fourier
Feb-27 15:50:17.972 [main] DEBUG nextflow.Session - Executor pool size: 192
Feb-27 15:50:17.990 [main] DEBUG nextflow.file.FilePorter - File porter settings maxRetries=3; maxTransfers=50; pollTimeout=null
Feb-27 15:50:17.997 [main] DEBUG nextflow.util.ThreadPoolBuilder - Creating thread pool 'FileTransfer' minSize=10; maxSize=576; workQueue=LinkedBlockingQueue[-1]; allowCoreThreadTimeout=false
Feb-27 15:50:18.029 [main] DEBUG nextflow.cli.CmdRun - 
  Version: 25.10.4 build 11173
  Created: 10-02-2026 15:17 UTC (05:17 HDT)
  System: Linux 5.4.0-216-generic
  Runtime: Groovy 4.0.28 on OpenJDK 64-Bit Server VM 17.0.10+7
  Encoding: UTF-8 (UTF-8)
  Process: 1001591@Arashi [127.0.1.1]
  CPUs: 192 - Mem: 1.5 TB (5.7 GB) - Swap: 8 GB (0)
Feb-27 15:50:18.064 [main] DEBUG nextflow.Session - Work-dir: /home/zgao/sRNA-piRNA-pipeline/work [ext2/ext3]
Feb-27 15:50:18.064 [main] DEBUG nextflow.Session - Script base path does not exist or is not a directory: /home/zgao/sRNA-piRNA-pipeline/bin
Feb-27 15:50:18.074 [main] DEBUG nextflow.executor.ExecutorFactory - Extension executors providers=[]
Feb-27 15:50:18.086 [main] DEBUG nextflow.Session - Observer factory (v2): LinObserverFactory
Feb-27 15:50:18.090 [main] DEBUG nextflow.Session - Observer factory (v2): DefaultObserverFactory
Feb-27 15:50:18.146 [main] DEBUG nextflow.cache.CacheFactory - Using Nextflow cache factory: nextflow.cache.DefaultCacheFactory
Feb-27 15:50:18.157 [main] DEBUG nextflow.util.CustomThreadPool - Creating default thread pool > poolSize: 193; maxThreads: 1000
Feb-27 15:50:18.241 [main] DEBUG nextflow.Session - Session start
Feb-27 15:50:18.250 [main] DEBUG nextflow.Session - Report file already exists: results/pipeline_report.html -- enable the 'report.overwrite' option in your config file to overwrite existing files
nextflow.exception.AbortOperationException: Report file already exists: results/pipeline_report.html -- enable the 'report.overwrite' option in your config file to overwrite existing files
	at nextflow.trace.ReportObserver.onFlowCreate(ReportObserver.groovy:119)
	at nextflow.Session$_notifyFlowCreate_lambda34.doCall(Session.groovy:1107)
	at nextflow.Session.notifyEvent(Session.groovy:1151)
	at nextflow.Session.notifyFlowCreate(Session.groovy:1107)
	at nextflow.Session.start(Session.groovy:596)
	at nextflow.script.ScriptRunner.execute(ScriptRunner.groovy:133)
	at nextflow.cli.CmdRun.run(CmdRun.groovy:429)
	at nextflow.cli.Launcher.run(Launcher.groovy:515)
	at nextflow.cli.Launcher.main(Launcher.groovy:675)
Feb-27 15:50:18.251 [main] DEBUG nextflow.Session - Timeline file already exists: results/pipeline_timeline.html -- enable the 'timeline.overwrite' option in your config file to overwrite existing files
nextflow.exception.AbortOperationException: Timeline file already exists: results/pipeline_timeline.html -- enable the 'timeline.overwrite' option in your config file to overwrite existing files
	at nextflow.trace.TimelineObserver.onFlowCreate(TimelineObserver.groovy:80)
	at nextflow.Session$_notifyFlowCreate_lambda34.doCall(Session.groovy:1107)
	at nextflow.Session.notifyEvent(Session.groovy:1151)
	at nextflow.Session.notifyFlowCreate(Session.groovy:1107)
	at nextflow.Session.start(Session.groovy:596)
	at nextflow.script.ScriptRunner.execute(ScriptRunner.groovy:133)
	at nextflow.cli.CmdRun.run(CmdRun.groovy:429)
	at nextflow.cli.Launcher.run(Launcher.groovy:515)
	at nextflow.cli.Launcher.main(Launcher.groovy:675)
Feb-27 15:50:18.574 [main] DEBUG nextflow.script.ScriptRunner - > Launching execution
Feb-27 15:50:18.584 [main] INFO  nextflow.Nextflow - 
╔═══════════════════════════════════════════════╗
║         sRNA / piRNA Analysis Pipeline        ║
╚═══════════════════════════════════════════════╝
samplesheet   : assets/samplesheet_test.csv
genome_dir    : /home/zgao/GEOdata
annotation    : /home/zgao/pipeline_test/piRbase_gold_cluster_GTF.gtf
aligner       : star
max_len       : 24
min_overlap   : 22
mode          : full
outdir        : results

Feb-27 15:50:19.231 [main] DEBUG nextflow.executor.ExecutorFactory - << taskConfig executor: local
Feb-27 15:50:19.233 [main] DEBUG nextflow.executor.ExecutorFactory - >> processorType: 'local'
Feb-27 15:50:19.245 [main] DEBUG nextflow.executor.Executor - [warm up] executor > local
Feb-27 15:50:19.254 [main] DEBUG n.processor.LocalPollingMonitor - Creating local task monitor for executor 'local' > cpus=192; memory=1.5 TB; capacity=10; pollInterval=100ms; dumpInterval=5m
Feb-27 15:50:19.257 [main] DEBUG n.processor.TaskPollingMonitor - >>> barrier register (monitor: local)
Feb-27 15:50:19.284 [main] DEBUG nextflow.processor.TaskProcessor - Creating process 'FASTQC': maxForks=0; fair=false; array=0
Feb-27 15:50:19.323 [main] DEBUG nextflow.executor.ExecutorFactory - << taskConfig executor: local
Feb-27 15:50:19.323 [main] DEBUG nextflow.executor.ExecutorFactory - >> processorType: 'local'
Feb-27 15:50:19.325 [main] DEBUG nextflow.processor.TaskProcessor - Creating process 'FASTP': maxForks=0; fair=false; array=0
Feb-27 15:50:19.331 [main] DEBUG nextflow.executor.ExecutorFactory - << taskConfig executor: local
Feb-27 15:50:19.332 [main] DEBUG nextflow.executor.ExecutorFactory - >> processorType: 'local'
Feb-27 15:50:19.333 [main] DEBUG nextflow.processor.TaskProcessor - Creating process 'FASTQC_TRIMMED': maxForks=0; fair=false; array=0
Feb-27 15:50:19.339 [main] DEBUG n.script.dsl.ProcessConfigBuilder - Config settings `withName:STAR_ALIGN` matches process STAR_ALIGN
Feb-27 15:50:19.359 [main] DEBUG nextflow.executor.ExecutorFactory - << taskConfig executor: local
Feb-27 15:50:19.359 [main] DEBUG nextflow.executor.ExecutorFactory - >> processorType: 'local'
Feb-27 15:50:19.360 [main] DEBUG nextflow.processor.TaskProcessor - Creating process 'STAR_ALIGN': maxForks=0; fair=false; array=0
Feb-27 15:50:19.367 [main] DEBUG n.script.dsl.ProcessConfigBuilder - Config settings `withName:FEATURECOUNTS` matches process FEATURECOUNTS
Feb-27 15:50:19.368 [main] DEBUG nextflow.executor.ExecutorFactory - << taskConfig executor: local
Feb-27 15:50:19.368 [main] DEBUG nextflow.executor.ExecutorFactory - >> processorType: 'local'
Feb-27 15:50:19.369 [main] DEBUG nextflow.processor.TaskProcessor - Creating process 'FEATURECOUNTS': maxForks=0; fair=false; array=0
Feb-27 15:50:19.394 [main] DEBUG nextflow.executor.ExecutorFactory - << taskConfig executor: local
Feb-27 15:50:19.394 [main] DEBUG nextflow.executor.ExecutorFactory - >> processorType: 'local'
Feb-27 15:50:19.395 [main] DEBUG nextflow.processor.TaskProcessor - Creating process 'MULTIQC': maxForks=0; fair=false; array=0
Feb-27 15:50:19.398 [main] DEBUG nextflow.Session - Workflow process names [dsl2]: FASTQC, FEATURECOUNTS, MULTIQC, BOWTIE2_ALIGN, STAR_ALIGN, FASTP, FASTQC_TRIMMED
Feb-27 15:50:19.401 [main] DEBUG nextflow.Session - Igniting dataflow network (7)
Feb-27 15:50:19.407 [main] DEBUG nextflow.processor.TaskProcessor - Starting process > FASTQC
Feb-27 15:50:19.408 [main] DEBUG nextflow.processor.TaskProcessor - Starting process > FASTP
Feb-27 15:50:19.408 [main] DEBUG nextflow.processor.TaskProcessor - Starting process > FASTQC_TRIMMED
Feb-27 15:50:19.409 [main] DEBUG nextflow.processor.TaskProcessor - Starting process > STAR_ALIGN
Feb-27 15:50:19.409 [main] DEBUG nextflow.processor.TaskProcessor - Starting process > FEATURECOUNTS
Feb-27 15:50:19.410 [main] DEBUG nextflow.processor.TaskProcessor - Starting process > MULTIQC
Feb-27 15:50:19.411 [main] DEBUG nextflow.script.ScriptRunner - Parsed script files:
  Script_3dc9769acb675c85: /home/zgao/sRNA-piRNA-pipeline/modules/fastp.nf
  Script_890711a6cdd3b61a: /home/zgao/sRNA-piRNA-pipeline/modules/star.nf
  Script_13ca0b0c920ee502: /home/zgao/sRNA-piRNA-pipeline/modules/fastqc.nf
  Script_b4caf211b1b1d20d: /home/zgao/sRNA-piRNA-pipeline/modules/featurecounts.nf
  Script_6038f126dc418119: /home/zgao/sRNA-piRNA-pipeline/modules/multiqc.nf
  Script_aa433adb4661b7c6: /home/zgao/sRNA-piRNA-pipeline/main.nf
  Script_f5526081bf9a4810: /home/zgao/sRNA-piRNA-pipeline/modules/bowtie2.nf
Feb-27 15:50:19.411 [main] DEBUG nextflow.script.ScriptRunner - > Awaiting termination 
Feb-27 15:50:19.411 [main] DEBUG nextflow.Session - Session await
Feb-27 15:50:19.621 [Actor Thread 25] INFO  nextflow.processor.TaskProcessor - [b9/03bca5] Cached process > FASTQC (SRR3703106)
Feb-27 15:50:19.621 [Actor Thread 24] INFO  nextflow.processor.TaskProcessor - [19/e1049e] Cached process > FASTP (SRR3703106)
Feb-27 15:50:19.664 [Actor Thread 25] DEBUG nextflow.util.ThreadPoolBuilder - Creating thread pool 'PublishDir' minSize=10; maxSize=576; workQueue=LinkedBlockingQueue[-1]; allowCoreThreadTimeout=false
Feb-27 15:50:19.666 [Actor Thread 38] INFO  nextflow.processor.TaskProcessor - [94/ef9494] Cached process > FASTQC_TRIMMED (SRR3703106)
Feb-27 15:50:19.693 [Actor Thread 36] INFO  nextflow.processor.TaskProcessor - [52/52f8eb] Cached process > STAR_ALIGN (SRR3703106)
Feb-27 15:50:19.731 [Actor Thread 63] INFO  nextflow.processor.TaskProcessor - [81/d0c948] Cached process > FEATURECOUNTS (SRR3703106)
Feb-27 15:50:19.763 [Actor Thread 75] INFO  nextflow.processor.TaskProcessor - [df/dec595] Cached process > MULTIQC
Feb-27 15:50:19.769 [main] DEBUG nextflow.Session - Session await > all processes finished
Feb-27 15:50:19.865 [Task monitor] DEBUG n.processor.TaskPollingMonitor - <<< barrier arrives (monitor: local) - terminating tasks monitor poll loop
Feb-27 15:50:19.866 [main] DEBUG nextflow.Session - Session await > all barriers passed
Feb-27 15:50:19.870 [main] DEBUG nextflow.util.ThreadPoolManager - Thread pool 'PublishDir' shutdown completed (hard=false)
Feb-27 15:50:19.883 [main] DEBUG n.trace.WorkflowStatsObserver - Workflow completed > WorkflowStats[succeededCount=0; failedCount=0; ignoredCount=0; cachedCount=6; pendingCount=0; submittedCount=0; runningCount=0; retriesCount=0; abortedCount=0; succeedDuration=0ms; failedDuration=0ms; cachedDuration=26m 11s;loadCpus=0; loadMemory=0; peakRunning=0; peakCpus=0; peakMemory=0; ]
Feb-27 15:50:20.110 [main] DEBUG nextflow.trace.ReportObserver - Workflow completed -- rendering execution report
Feb-27 15:50:20.722 [main] WARN  nextflow.trace.ReportObserver - Failed to render execution report -- see the log file for details
nextflow.exception.AbortOperationException: Report file already exists: results/pipeline_report.html -- enable the 'report.overwrite' option in your config file to overwrite existing files
	at nextflow.trace.TraceHelper.newFileWriter(TraceHelper.groovy:67)
	at nextflow.trace.ReportObserver.renderHtml(ReportObserver.groovy:243)
	at nextflow.trace.ReportObserver.onFlowComplete(ReportObserver.groovy:129)
	at nextflow.Session$_notifyFlowComplete_lambda39.doCall(Session.groovy:1121)
	at nextflow.Session.notifyEvent(Session.groovy:1151)
	at nextflow.Session.notifyFlowComplete(Session.groovy:1121)
	at nextflow.Session.shutdown0(Session.groovy:779)
	at nextflow.Session.destroy(Session.groovy:724)
	at nextflow.script.ScriptRunner.shutdown(ScriptRunner.groovy:263)
	at nextflow.script.ScriptRunner.execute(ScriptRunner.groovy:147)
	at nextflow.cli.CmdRun.run(CmdRun.groovy:429)
	at nextflow.cli.Launcher.run(Launcher.groovy:515)
	at nextflow.cli.Launcher.main(Launcher.groovy:675)
Caused by: java.nio.file.FileAlreadyExistsException: results/pipeline_report.html
	at java.base/sun.nio.fs.UnixException.translateToIOException(UnixException.java:94)
	at java.base/sun.nio.fs.UnixException.rethrowAsIOException(UnixException.java:106)
	at java.base/sun.nio.fs.UnixException.rethrowAsIOException(UnixException.java:111)
	at java.base/sun.nio.fs.UnixFileSystemProvider.newByteChannel(UnixFileSystemProvider.java:218)
	at java.base/java.nio.file.spi.FileSystemProvider.newOutputStream(FileSystemProvider.java:484)
	at java.base/java.nio.file.Files.newOutputStream(Files.java:228)
	at java.base/java.nio.file.Files.newBufferedWriter(Files.java:3008)
	at nextflow.trace.TraceHelper.newFileWriter(TraceHelper.groovy:64)
	... 12 common frames omitted
Feb-27 15:50:20.722 [main] DEBUG nextflow.trace.TimelineObserver - Workflow completed -- rendering execution timeline
Feb-27 15:50:20.770 [main] WARN  nextflow.trace.TimelineObserver - Failed to render execution timeline -- see the log file for details
nextflow.exception.AbortOperationException: Timeline file already exists: results/pipeline_timeline.html -- enable the 'timeline.overwrite' option in your config file to overwrite existing files
	at nextflow.trace.TraceHelper.newFileWriter(TraceHelper.groovy:67)
	at nextflow.trace.TimelineObserver.renderHtml(TimelineObserver.groovy:164)
	at nextflow.trace.TimelineObserver.onFlowComplete(TimelineObserver.groovy:91)
	at nextflow.Session$_notifyFlowComplete_lambda39.doCall(Session.groovy:1121)
	at nextflow.Session.notifyEvent(Session.groovy:1151)
	at nextflow.Session.notifyFlowComplete(Session.groovy:1121)
	at nextflow.Session.shutdown0(Session.groovy:779)
	at nextflow.Session.destroy(Session.groovy:724)
	at nextflow.script.ScriptRunner.shutdown(ScriptRunner.groovy:263)
	at nextflow.script.ScriptRunner.execute(ScriptRunner.groovy:147)
	at nextflow.cli.CmdRun.run(CmdRun.groovy:429)
	at nextflow.cli.Launcher.run(Launcher.groovy:515)
	at nextflow.cli.Launcher.main(Launcher.groovy:675)
Caused by: java.nio.file.FileAlreadyExistsException: results/pipeline_timeline.html
	at java.base/sun.nio.fs.UnixException.translateToIOException(UnixException.java:94)
	at java.base/sun.nio.fs.UnixException.rethrowAsIOException(UnixException.java:106)
	at java.base/sun.nio.fs.UnixException.rethrowAsIOException(UnixException.java:111)
	at java.base/sun.nio.fs.UnixFileSystemProvider.newByteChannel(UnixFileSystemProvider.java:218)
	at java.base/java.nio.file.spi.FileSystemProvider.newOutputStream(FileSystemProvider.java:484)
	at java.base/java.nio.file.Files.newOutputStream(Files.java:228)
	at java.base/java.nio.file.Files.newBufferedWriter(Files.java:3008)
	at nextflow.trace.TraceHelper.newFileWriter(TraceHelper.groovy:64)
	... 12 common frames omitted
Feb-27 15:50:20.782 [main] DEBUG nextflow.cache.CacheDB - Closing CacheDB done
Feb-27 15:50:20.795 [main] DEBUG nextflow.util.ThreadPoolManager - Thread pool 'FileTransfer' shutdown completed (hard=false)
Feb-27 15:50:20.795 [main] DEBUG nextflow.script.ScriptRunner - > Execution complete -- Goodbye
